{"/Users/veyselmac/Desktop/SERVERLESS/MYSENSE_CASE/handler.ts": {"path":"/Users/veyselmac/Desktop/SERVERLESS/MYSENSE_CASE/handler.ts","statementMap":{"0":{"start":{"line":1,"column":16},"end":{"line":1,"column":53}},"1":{"start":{"line":2,"column":16},"end":{"line":2,"column":53}},"2":{"start":{"line":3,"column":15},"end":{"line":3,"column":31}},"3":{"start":{"line":4,"column":12},"end":{"line":4,"column":21}},"4":{"start":{"line":5,"column":18},"end":{"line":5,"column":47}},"5":{"start":{"line":6,"column":24},"end":{"line":6,"column":70}},"6":{"start":{"line":7,"column":11},"end":{"line":7,"column":24}},"7":{"start":{"line":10,"column":0},"end":{"line":10,"column":41}},"8":{"start":{"line":11,"column":0},"end":{"line":11,"column":58}},"9":{"start":{"line":12,"column":0},"end":{"line":15,"column":3}},"10":{"start":{"line":13,"column":2},"end":{"line":13,"column":54}},"11":{"start":{"line":14,"column":2},"end":{"line":14,"column":71}},"12":{"start":{"line":16,"column":0},"end":{"line":16,"column":27}}},"fnMap":{"0":{"name":"(anonymous_0)","decl":{"start":{"line":12,"column":16},"end":{"line":12,"column":21}},"loc":{"start":{"line":12,"column":36},"end":{"line":15,"column":1}}}},"branchMap":{},"s":{"0":0,"1":0,"2":0,"3":0,"4":0,"5":0,"6":0,"7":0,"8":0,"9":0,"10":0,"11":0,"12":0},"f":{"0":0},"b":{}}
,"/Users/veyselmac/Desktop/SERVERLESS/MYSENSE_CASE/functions/sensorCreate.ts": {"path":"/Users/veyselmac/Desktop/SERVERLESS/MYSENSE_CASE/functions/sensorCreate.ts","statementMap":{"0":{"start":{"line":3,"column":0},"end":{"line":3,"column":49}},"1":{"start":{"line":4,"column":0},"end":{"line":4,"column":47}},"2":{"start":{"line":5,"column":0},"end":{"line":5,"column":42}},"3":{"start":{"line":7,"column":13},"end":{"line":58,"column":2}},"4":{"start":{"line":8,"column":29},"end":{"line":13,"column":4}},"5":{"start":{"line":14,"column":2},"end":{"line":23,"column":null}},"6":{"start":{"line":15,"column":4},"end":{"line":15,"column":37}},"7":{"start":{"line":17,"column":4},"end":{"line":17,"column":66}},"8":{"start":{"line":18,"column":4},"end":{"line":22,"column":6}},"9":{"start":{"line":25,"column":2},"end":{"line":37,"column":null}},"10":{"start":{"line":31,"column":4},"end":{"line":31,"column":38}},"11":{"start":{"line":32,"column":4},"end":{"line":36,"column":6}},"12":{"start":{"line":39,"column":19},"end":{"line":39,"column":21}},"13":{"start":{"line":41,"column":2},"end":{"line":51,"column":null}},"14":{"start":{"line":42,"column":4},"end":{"line":42,"column":57}},"15":{"start":{"line":44,"column":4},"end":{"line":44,"column":58}},"16":{"start":{"line":45,"column":4},"end":{"line":45,"column":38}},"17":{"start":{"line":46,"column":4},"end":{"line":50,"column":6}},"18":{"start":{"line":53,"column":2},"end":{"line":57,"column":4}}},"fnMap":{"0":{"name":"(anonymous_0)","decl":{"start":{"line":7,"column":47},"end":{"line":7,"column":52}},"loc":{"start":{"line":7,"column":73},"end":{"line":58,"column":1}}}},"branchMap":{"0":{"loc":{"start":{"line":25,"column":2},"end":{"line":37,"column":null}},"type":"if","locations":[{"start":{"line":25,"column":2},"end":{"line":37,"column":null}},{"start":{"line":25,"column":2},"end":{"line":37,"column":null}}]},"1":{"loc":{"start":{"line":26,"column":4},"end":{"line":26,"column":39}},"type":"binary-expr","locations":[{"start":{"line":26,"column":4},"end":{"line":26,"column":39}},{"start":{"line":27,"column":4},"end":{"line":27,"column":39}},{"start":{"line":28,"column":4},"end":{"line":28,"column":43}},{"start":{"line":29,"column":4},"end":{"line":29,"column":40}}]}},"s":{"0":1,"1":1,"2":1,"3":1,"4":1,"5":1,"6":1,"7":0,"8":0,"9":1,"10":0,"11":0,"12":1,"13":1,"14":1,"15":0,"16":0,"17":0,"18":1},"f":{"0":1},"b":{"0":[0,1],"1":[1,1,1,1]}}
,"/Users/veyselmac/Desktop/SERVERLESS/MYSENSE_CASE/functions/sensorDelete.ts": {"path":"/Users/veyselmac/Desktop/SERVERLESS/MYSENSE_CASE/functions/sensorDelete.ts","statementMap":{"0":{"start":{"line":2,"column":0},"end":{"line":2,"column":60}},"1":{"start":{"line":3,"column":0},"end":{"line":3,"column":48}},"2":{"start":{"line":4,"column":0},"end":{"line":4,"column":42}},"3":{"start":{"line":5,"column":0},"end":{"line":5,"column":57}},"4":{"start":{"line":8,"column":13},"end":{"line":58,"column":2}},"5":{"start":{"line":9,"column":2},"end":{"line":19,"column":null}},"6":{"start":{"line":13,"column":4},"end":{"line":13,"column":39}},"7":{"start":{"line":14,"column":4},"end":{"line":18,"column":6}},"8":{"start":{"line":21,"column":2},"end":{"line":51,"column":null}},"9":{"start":{"line":22,"column":36},"end":{"line":22,"column":50}},"10":{"start":{"line":23,"column":4},"end":{"line":23,"column":55}},"11":{"start":{"line":25,"column":4},"end":{"line":35,"column":null}},"12":{"start":{"line":30,"column":6},"end":{"line":34,"column":8}},"13":{"start":{"line":37,"column":4},"end":{"line":37,"column":46}},"14":{"start":{"line":38,"column":20},"end":{"line":40,"column":38}},"15":{"start":{"line":41,"column":4},"end":{"line":41,"column":21}},"16":{"start":{"line":42,"column":4},"end":{"line":42,"column":41}},"17":{"start":{"line":44,"column":4},"end":{"line":44,"column":59}},"18":{"start":{"line":45,"column":4},"end":{"line":45,"column":44}},"19":{"start":{"line":46,"column":4},"end":{"line":50,"column":6}},"20":{"start":{"line":53,"column":2},"end":{"line":57,"column":4}}},"fnMap":{"0":{"name":"(anonymous_0)","decl":{"start":{"line":8,"column":47},"end":{"line":8,"column":52}},"loc":{"start":{"line":8,"column":73},"end":{"line":58,"column":1}}}},"branchMap":{"0":{"loc":{"start":{"line":9,"column":2},"end":{"line":19,"column":null}},"type":"if","locations":[{"start":{"line":9,"column":2},"end":{"line":19,"column":null}},{"start":{"line":9,"column":2},"end":{"line":19,"column":null}}]},"1":{"loc":{"start":{"line":10,"column":4},"end":{"line":10,"column":41}},"type":"binary-expr","locations":[{"start":{"line":10,"column":4},"end":{"line":10,"column":41}},{"start":{"line":11,"column":4},"end":{"line":11,"column":36}}]},"2":{"loc":{"start":{"line":25,"column":4},"end":{"line":35,"column":null}},"type":"if","locations":[{"start":{"line":25,"column":4},"end":{"line":35,"column":null}},{"start":{"line":25,"column":4},"end":{"line":35,"column":null}}]},"3":{"loc":{"start":{"line":26,"column":6},"end":{"line":26,"column":24}},"type":"binary-expr","locations":[{"start":{"line":26,"column":6},"end":{"line":26,"column":24}},{"start":{"line":27,"column":6},"end":{"line":27,"column":29}},{"start":{"line":28,"column":6},"end":{"line":28,"column":34}}]}},"s":{"0":1,"1":1,"2":1,"3":1,"4":1,"5":1,"6":0,"7":0,"8":1,"9":1,"10":1,"11":1,"12":0,"13":1,"14":1,"15":1,"16":1,"17":0,"18":0,"19":0,"20":1},"f":{"0":1},"b":{"0":[0,1],"1":[1,1],"2":[0,1],"3":[1,1,1]}}
,"/Users/veyselmac/Desktop/SERVERLESS/MYSENSE_CASE/functions/sensorGet.ts": {"path":"/Users/veyselmac/Desktop/SERVERLESS/MYSENSE_CASE/functions/sensorGet.ts","statementMap":{"0":{"start":{"line":2,"column":0},"end":{"line":2,"column":48}},"1":{"start":{"line":3,"column":0},"end":{"line":3,"column":51}},"2":{"start":{"line":5,"column":0},"end":{"line":5,"column":42}},"3":{"start":{"line":7,"column":13},"end":{"line":51,"column":2}},"4":{"start":{"line":8,"column":34},"end":{"line":8,"column":48}},"5":{"start":{"line":10,"column":2},"end":{"line":20,"column":null}},"6":{"start":{"line":14,"column":4},"end":{"line":14,"column":39}},"7":{"start":{"line":15,"column":4},"end":{"line":19,"column":6}},"8":{"start":{"line":22,"column":2},"end":{"line":32,"column":null}},"9":{"start":{"line":23,"column":4},"end":{"line":23,"column":55}},"10":{"start":{"line":25,"column":4},"end":{"line":25,"column":58}},"11":{"start":{"line":26,"column":4},"end":{"line":26,"column":38}},"12":{"start":{"line":27,"column":4},"end":{"line":31,"column":6}},"13":{"start":{"line":34,"column":2},"end":{"line":44,"column":null}},"14":{"start":{"line":39,"column":4},"end":{"line":43,"column":6}},"15":{"start":{"line":46,"column":2},"end":{"line":50,"column":4}}},"fnMap":{"0":{"name":"(anonymous_0)","decl":{"start":{"line":7,"column":47},"end":{"line":7,"column":52}},"loc":{"start":{"line":7,"column":73},"end":{"line":51,"column":1}}}},"branchMap":{"0":{"loc":{"start":{"line":10,"column":2},"end":{"line":20,"column":null}},"type":"if","locations":[{"start":{"line":10,"column":2},"end":{"line":20,"column":null}},{"start":{"line":10,"column":2},"end":{"line":20,"column":null}}]},"1":{"loc":{"start":{"line":11,"column":4},"end":{"line":11,"column":41}},"type":"binary-expr","locations":[{"start":{"line":11,"column":4},"end":{"line":11,"column":41}},{"start":{"line":12,"column":4},"end":{"line":12,"column":36}}]},"2":{"loc":{"start":{"line":34,"column":2},"end":{"line":44,"column":null}},"type":"if","locations":[{"start":{"line":34,"column":2},"end":{"line":44,"column":null}},{"start":{"line":34,"column":2},"end":{"line":44,"column":null}}]},"3":{"loc":{"start":{"line":35,"column":4},"end":{"line":35,"column":22}},"type":"binary-expr","locations":[{"start":{"line":35,"column":4},"end":{"line":35,"column":22}},{"start":{"line":36,"column":4},"end":{"line":36,"column":27}},{"start":{"line":37,"column":4},"end":{"line":37,"column":32}}]}},"s":{"0":1,"1":1,"2":1,"3":1,"4":1,"5":1,"6":0,"7":0,"8":1,"9":1,"10":0,"11":0,"12":0,"13":1,"14":1,"15":0},"f":{"0":1},"b":{"0":[0,1],"1":[1,1],"2":[1,0],"3":[1,1,1]}}
,"/Users/veyselmac/Desktop/SERVERLESS/MYSENSE_CASE/functions/sensorList.ts": {"path":"/Users/veyselmac/Desktop/SERVERLESS/MYSENSE_CASE/functions/sensorList.ts","statementMap":{"0":{"start":{"line":3,"column":0},"end":{"line":3,"column":48}},"1":{"start":{"line":4,"column":0},"end":{"line":4,"column":51}},"2":{"start":{"line":5,"column":0},"end":{"line":5,"column":42}},"3":{"start":{"line":7,"column":13},"end":{"line":43,"column":2}},"4":{"start":{"line":8,"column":36},"end":{"line":8,"column":49}},"5":{"start":{"line":10,"column":2},"end":{"line":20,"column":null}},"6":{"start":{"line":11,"column":4},"end":{"line":11,"column":34}},"7":{"start":{"line":13,"column":4},"end":{"line":13,"column":59}},"8":{"start":{"line":14,"column":4},"end":{"line":14,"column":40}},"9":{"start":{"line":15,"column":4},"end":{"line":19,"column":6}},"10":{"start":{"line":22,"column":2},"end":{"line":32,"column":null}},"11":{"start":{"line":27,"column":4},"end":{"line":31,"column":6}},"12":{"start":{"line":34,"column":2},"end":{"line":42,"column":4}},"13":{"start":{"line":39,"column":8},"end":{"line":39,"column":42}}},"fnMap":{"0":{"name":"(anonymous_0)","decl":{"start":{"line":7,"column":47},"end":{"line":7,"column":52}},"loc":{"start":{"line":7,"column":74},"end":{"line":43,"column":1}}},"1":{"name":"(anonymous_1)","decl":{"start":{"line":38,"column":28},"end":{"line":38,"column":34}},"loc":{"start":{"line":38,"column":37},"end":{"line":40,"column":7}}}},"branchMap":{"0":{"loc":{"start":{"line":22,"column":2},"end":{"line":32,"column":null}},"type":"if","locations":[{"start":{"line":22,"column":2},"end":{"line":32,"column":null}},{"start":{"line":22,"column":2},"end":{"line":32,"column":null}}]},"1":{"loc":{"start":{"line":23,"column":4},"end":{"line":23,"column":24}},"type":"binary-expr","locations":[{"start":{"line":23,"column":4},"end":{"line":23,"column":24}},{"start":{"line":24,"column":4},"end":{"line":24,"column":37}},{"start":{"line":25,"column":4},"end":{"line":25,"column":34}}]}},"s":{"0":1,"1":1,"2":1,"3":1,"4":1,"5":1,"6":1,"7":0,"8":0,"9":0,"10":1,"11":0,"12":1,"13":11},"f":{"0":1,"1":11},"b":{"0":[0,1],"1":[1,1,1]}}
,"/Users/veyselmac/Desktop/SERVERLESS/MYSENSE_CASE/functions/sensorTopicConsumer.ts": {"path":"/Users/veyselmac/Desktop/SERVERLESS/MYSENSE_CASE/functions/sensorTopicConsumer.ts","statementMap":{"0":{"start":{"line":3,"column":13},"end":{"line":12,"column":2}},"1":{"start":{"line":4,"column":2},"end":{"line":11,"column":null}},"2":{"start":{"line":5,"column":18},"end":{"line":5,"column":47}},"3":{"start":{"line":6,"column":20},"end":{"line":6,"column":48}},"4":{"start":{"line":8,"column":4},"end":{"line":8,"column":39}},"5":{"start":{"line":10,"column":4},"end":{"line":10,"column":23}}},"fnMap":{"0":{"name":"(anonymous_0)","decl":{"start":{"line":3,"column":35},"end":{"line":3,"column":40}},"loc":{"start":{"line":3,"column":61},"end":{"line":12,"column":1}}}},"branchMap":{},"s":{"0":0,"1":0,"2":0,"3":0,"4":0,"5":0},"f":{"0":0},"b":{}}
,"/Users/veyselmac/Desktop/SERVERLESS/MYSENSE_CASE/functions/sensorUpdate.ts": {"path":"/Users/veyselmac/Desktop/SERVERLESS/MYSENSE_CASE/functions/sensorUpdate.ts","statementMap":{"0":{"start":{"line":3,"column":0},"end":{"line":3,"column":51}},"1":{"start":{"line":4,"column":0},"end":{"line":4,"column":42}},"2":{"start":{"line":6,"column":13},"end":{"line":73,"column":2}},"3":{"start":{"line":7,"column":29},"end":{"line":12,"column":4}},"4":{"start":{"line":14,"column":2},"end":{"line":24,"column":null}},"5":{"start":{"line":18,"column":4},"end":{"line":18,"column":39}},"6":{"start":{"line":19,"column":4},"end":{"line":23,"column":6}},"7":{"start":{"line":26,"column":2},"end":{"line":35,"column":null}},"8":{"start":{"line":27,"column":4},"end":{"line":27,"column":37}},"9":{"start":{"line":29,"column":4},"end":{"line":29,"column":66}},"10":{"start":{"line":30,"column":4},"end":{"line":34,"column":6}},"11":{"start":{"line":37,"column":2},"end":{"line":49,"column":null}},"12":{"start":{"line":43,"column":4},"end":{"line":43,"column":38}},"13":{"start":{"line":44,"column":4},"end":{"line":48,"column":6}},"14":{"start":{"line":51,"column":10},"end":{"line":53,"column":null}},"15":{"start":{"line":56,"column":2},"end":{"line":66,"column":null}},"16":{"start":{"line":57,"column":4},"end":{"line":57,"column":34}},"17":{"start":{"line":59,"column":4},"end":{"line":59,"column":58}},"18":{"start":{"line":60,"column":4},"end":{"line":60,"column":44}},"19":{"start":{"line":61,"column":4},"end":{"line":65,"column":6}},"20":{"start":{"line":68,"column":2},"end":{"line":72,"column":4}}},"fnMap":{"0":{"name":"(anonymous_0)","decl":{"start":{"line":6,"column":47},"end":{"line":6,"column":52}},"loc":{"start":{"line":6,"column":73},"end":{"line":73,"column":1}}}},"branchMap":{"0":{"loc":{"start":{"line":14,"column":2},"end":{"line":24,"column":null}},"type":"if","locations":[{"start":{"line":14,"column":2},"end":{"line":24,"column":null}},{"start":{"line":14,"column":2},"end":{"line":24,"column":null}}]},"1":{"loc":{"start":{"line":15,"column":4},"end":{"line":15,"column":41}},"type":"binary-expr","locations":[{"start":{"line":15,"column":4},"end":{"line":15,"column":41}},{"start":{"line":16,"column":4},"end":{"line":16,"column":36}}]},"2":{"loc":{"start":{"line":37,"column":2},"end":{"line":49,"column":null}},"type":"if","locations":[{"start":{"line":37,"column":2},"end":{"line":49,"column":null}},{"start":{"line":37,"column":2},"end":{"line":49,"column":null}}]},"3":{"loc":{"start":{"line":38,"column":4},"end":{"line":38,"column":39}},"type":"binary-expr","locations":[{"start":{"line":38,"column":4},"end":{"line":38,"column":39}},{"start":{"line":39,"column":4},"end":{"line":39,"column":39}},{"start":{"line":40,"column":4},"end":{"line":40,"column":43}},{"start":{"line":41,"column":4},"end":{"line":41,"column":40}}]}},"s":{"0":1,"1":1,"2":1,"3":1,"4":1,"5":0,"6":0,"7":1,"8":1,"9":0,"10":0,"11":1,"12":0,"13":0,"14":1,"15":1,"16":1,"17":0,"18":0,"19":0,"20":1},"f":{"0":1},"b":{"0":[0,1],"1":[1,1],"2":[0,1],"3":[1,1,1,1]}}
,"/Users/veyselmac/Desktop/SERVERLESS/MYSENSE_CASE/integration-tests/utils/dbCall.ts": {"path":"/Users/veyselmac/Desktop/SERVERLESS/MYSENSE_CASE/integration-tests/utils/dbCall.ts","statementMap":{"0":{"start":{"line":3,"column":12},"end":{"line":3,"column":30}},"1":{"start":{"line":4,"column":0},"end":{"line":4,"column":32}},"2":{"start":{"line":5,"column":15},"end":{"line":5,"column":48}},"3":{"start":{"line":7,"column":13},"end":{"line":16,"column":2}},"4":{"start":{"line":8,"column":17},"end":{"line":13,"column":4}},"5":{"start":{"line":15,"column":2},"end":{"line":15,"column":43}}},"fnMap":{"0":{"name":"(anonymous_0)","decl":{"start":{"line":7,"column":35},"end":{"line":7,"column":36}},"loc":{"start":{"line":7,"column":50},"end":{"line":16,"column":1}}}},"branchMap":{},"s":{"0":2,"1":2,"2":2,"3":2,"4":2,"5":2},"f":{"0":2},"b":{}}
,"/Users/veyselmac/Desktop/SERVERLESS/MYSENSE_CASE/integration-tests/utils/funcCall.ts": {"path":"/Users/veyselmac/Desktop/SERVERLESS/MYSENSE_CASE/integration-tests/utils/funcCall.ts","statementMap":{"0":{"start":{"line":5,"column":17},"end":{"line":5,"column":34}},"1":{"start":{"line":7,"column":17},"end":{"line":11,"column":1}},"2":{"start":{"line":8,"column":22},"end":{"line":8,"column":60}},"3":{"start":{"line":9,"column":18},"end":{"line":9,"column":20}},"4":{"start":{"line":10,"column":2},"end":{"line":10,"column":48}},"5":{"start":{"line":13,"column":13},"end":{"line":18,"column":2}},"6":{"start":{"line":14,"column":16},"end":{"line":16,"column":4}},"7":{"start":{"line":17,"column":2},"end":{"line":17,"column":41}},"8":{"start":{"line":20,"column":13},"end":{"line":27,"column":2}},"9":{"start":{"line":21,"column":16},"end":{"line":25,"column":4}},"10":{"start":{"line":26,"column":2},"end":{"line":26,"column":38}},"11":{"start":{"line":29,"column":13},"end":{"line":32,"column":2}},"12":{"start":{"line":30,"column":16},"end":{"line":30,"column":18}},"13":{"start":{"line":31,"column":2},"end":{"line":31,"column":39}},"14":{"start":{"line":34,"column":13},"end":{"line":42,"column":2}},"15":{"start":{"line":35,"column":16},"end":{"line":40,"column":4}},"16":{"start":{"line":41,"column":2},"end":{"line":41,"column":41}},"17":{"start":{"line":44,"column":13},"end":{"line":51,"column":2}},"18":{"start":{"line":45,"column":16},"end":{"line":49,"column":4}},"19":{"start":{"line":50,"column":2},"end":{"line":50,"column":41}}},"fnMap":{"0":{"name":"(anonymous_0)","decl":{"start":{"line":7,"column":17},"end":{"line":7,"column":18}},"loc":{"start":{"line":7,"column":41},"end":{"line":11,"column":1}}},"1":{"name":"(anonymous_1)","decl":{"start":{"line":13,"column":34},"end":{"line":13,"column":35}},"loc":{"start":{"line":13,"column":56},"end":{"line":18,"column":1}}},"2":{"name":"(anonymous_2)","decl":{"start":{"line":20,"column":31},"end":{"line":20,"column":32}},"loc":{"start":{"line":20,"column":46},"end":{"line":27,"column":1}}},"3":{"name":"(anonymous_3)","decl":{"start":{"line":29,"column":32},"end":{"line":29,"column":35}},"loc":{"start":{"line":29,"column":37},"end":{"line":32,"column":1}}},"4":{"name":"(anonymous_4)","decl":{"start":{"line":34,"column":34},"end":{"line":34,"column":35}},"loc":{"start":{"line":34,"column":68},"end":{"line":42,"column":1}}},"5":{"name":"(anonymous_5)","decl":{"start":{"line":44,"column":34},"end":{"line":44,"column":35}},"loc":{"start":{"line":44,"column":49},"end":{"line":51,"column":1}}}},"branchMap":{},"s":{"0":1,"1":1,"2":5,"3":5,"4":5,"5":1,"6":1,"7":1,"8":1,"9":1,"10":1,"11":1,"12":1,"13":1,"14":1,"15":1,"16":1,"17":1,"18":1,"19":1},"f":{"0":5,"1":1,"2":1,"3":1,"4":1,"5":1},"b":{}}
,"/Users/veyselmac/Desktop/SERVERLESS/MYSENSE_CASE/integration-tests/utils/init.ts": {"path":"/Users/veyselmac/Desktop/SERVERLESS/MYSENSE_CASE/integration-tests/utils/init.ts","statementMap":{"0":{"start":{"line":3,"column":12},"end":{"line":3,"column":30}},"1":{"start":{"line":4,"column":0},"end":{"line":4,"column":32}},"2":{"start":{"line":7,"column":2},"end":{"line":8,"column":50}},"3":{"start":{"line":9,"column":2},"end":{"line":10,"column":65}},"4":{"start":{"line":11,"column":2},"end":{"line":12,"column":75}},"5":{"start":{"line":6,"column":0},"end":{"line":6,"column":24}}},"fnMap":{"0":{"name":"init","decl":{"start":{"line":6,"column":24},"end":{"line":6,"column":28}},"loc":{"start":{"line":6,"column":28},"end":{"line":13,"column":1}}}},"branchMap":{},"s":{"0":2,"1":2,"2":3,"3":3,"4":3,"5":2},"f":{"0":3},"b":{}}
,"/Users/veyselmac/Desktop/SERVERLESS/MYSENSE_CASE/utils/config.ts": {"path":"/Users/veyselmac/Desktop/SERVERLESS/MYSENSE_CASE/utils/config.ts","statementMap":{"0":{"start":{"line":1,"column":13},"end":{"line":1,"column":39}},"1":{"start":{"line":3,"column":13},"end":{"line":10,"column":2}},"2":{"start":{"line":12,"column":13},"end":{"line":12,"column":62}},"3":{"start":{"line":15,"column":13},"end":{"line":18,"column":2}}},"fnMap":{},"branchMap":{"0":{"loc":{"start":{"line":12,"column":22},"end":{"line":12,"column":41}},"type":"binary-expr","locations":[{"start":{"line":12,"column":22},"end":{"line":12,"column":41}},{"start":{"line":12,"column":45},"end":{"line":12,"column":61}}]}},"s":{"0":3,"1":3,"2":3,"3":3},"f":{},"b":{"0":[3,3]}}
,"/Users/veyselmac/Desktop/SERVERLESS/MYSENSE_CASE/utils/dynamodbManager.ts": {"path":"/Users/veyselmac/Desktop/SERVERLESS/MYSENSE_CASE/utils/dynamodbManager.ts","statementMap":{"0":{"start":{"line":1,"column":12},"end":{"line":1,"column":30}},"1":{"start":{"line":2,"column":17},"end":{"line":2,"column":50}},"2":{"start":{"line":4,"column":13},"end":{"line":11,"column":2}},"3":{"start":{"line":5,"column":2},"end":{"line":10,"column":7}},"4":{"start":{"line":9,"column":6},"end":{"line":9,"column":23}},"5":{"start":{"line":13,"column":13},"end":{"line":20,"column":2}},"6":{"start":{"line":14,"column":2},"end":{"line":19,"column":7}},"7":{"start":{"line":18,"column":6},"end":{"line":18,"column":23}},"8":{"start":{"line":22,"column":13},"end":{"line":29,"column":2}},"9":{"start":{"line":23,"column":2},"end":{"line":28,"column":7}},"10":{"start":{"line":27,"column":6},"end":{"line":27,"column":23}},"11":{"start":{"line":31,"column":13},"end":{"line":38,"column":2}},"12":{"start":{"line":32,"column":2},"end":{"line":37,"column":7}},"13":{"start":{"line":36,"column":6},"end":{"line":36,"column":26}},"14":{"start":{"line":40,"column":13},"end":{"line":47,"column":2}},"15":{"start":{"line":41,"column":2},"end":{"line":46,"column":7}},"16":{"start":{"line":45,"column":6},"end":{"line":45,"column":23}},"17":{"start":{"line":49,"column":13},"end":{"line":56,"column":2}},"18":{"start":{"line":50,"column":2},"end":{"line":55,"column":7}},"19":{"start":{"line":54,"column":6},"end":{"line":54,"column":23}}},"fnMap":{"0":{"name":"(anonymous_0)","decl":{"start":{"line":4,"column":26},"end":{"line":4,"column":31}},"loc":{"start":{"line":4,"column":41},"end":{"line":11,"column":1}}},"1":{"name":"(anonymous_1)","decl":{"start":{"line":8,"column":11},"end":{"line":8,"column":14}},"loc":{"start":{"line":8,"column":17},"end":{"line":10,"column":5}}},"2":{"name":"(anonymous_2)","decl":{"start":{"line":13,"column":24},"end":{"line":13,"column":29}},"loc":{"start":{"line":13,"column":39},"end":{"line":20,"column":1}}},"3":{"name":"(anonymous_3)","decl":{"start":{"line":17,"column":11},"end":{"line":17,"column":14}},"loc":{"start":{"line":17,"column":17},"end":{"line":19,"column":5}}},"4":{"name":"(anonymous_4)","decl":{"start":{"line":22,"column":23},"end":{"line":22,"column":28}},"loc":{"start":{"line":22,"column":38},"end":{"line":29,"column":1}}},"5":{"name":"(anonymous_5)","decl":{"start":{"line":26,"column":11},"end":{"line":26,"column":14}},"loc":{"start":{"line":26,"column":17},"end":{"line":28,"column":5}}},"6":{"name":"(anonymous_6)","decl":{"start":{"line":31,"column":26},"end":{"line":31,"column":31}},"loc":{"start":{"line":31,"column":41},"end":{"line":38,"column":1}}},"7":{"name":"(anonymous_7)","decl":{"start":{"line":35,"column":10},"end":{"line":35,"column":16}},"loc":{"start":{"line":35,"column":19},"end":{"line":37,"column":5}}},"8":{"name":"(anonymous_8)","decl":{"start":{"line":40,"column":23},"end":{"line":40,"column":28}},"loc":{"start":{"line":40,"column":38},"end":{"line":47,"column":1}}},"9":{"name":"(anonymous_9)","decl":{"start":{"line":44,"column":11},"end":{"line":44,"column":14}},"loc":{"start":{"line":44,"column":17},"end":{"line":46,"column":5}}},"10":{"name":"(anonymous_10)","decl":{"start":{"line":49,"column":26},"end":{"line":49,"column":31}},"loc":{"start":{"line":49,"column":41},"end":{"line":56,"column":1}}},"11":{"name":"(anonymous_11)","decl":{"start":{"line":53,"column":11},"end":{"line":53,"column":14}},"loc":{"start":{"line":53,"column":17},"end":{"line":55,"column":5}}}},"branchMap":{},"s":{"0":2,"1":2,"2":2,"3":1,"4":0,"5":2,"6":1,"7":0,"8":2,"9":2,"10":0,"11":2,"12":0,"13":0,"14":2,"15":1,"16":0,"17":2,"18":1,"19":0},"f":{"0":1,"1":0,"2":1,"3":0,"4":2,"5":0,"6":0,"7":0,"8":1,"9":0,"10":1,"11":0},"b":{}}
,"/Users/veyselmac/Desktop/SERVERLESS/MYSENSE_CASE/utils/dynamodbPort.ts": {"path":"/Users/veyselmac/Desktop/SERVERLESS/MYSENSE_CASE/utils/dynamodbPort.ts","statementMap":{"0":{"start":{"line":2,"column":24},"end":{"line":2,"column":52}},"1":{"start":{"line":3,"column":19},"end":{"line":3,"column":61}},"2":{"start":{"line":5,"column":13},"end":{"line":29,"column":2}},"3":{"start":{"line":6,"column":17},"end":{"line":26,"column":4}},"4":{"start":{"line":28,"column":2},"end":{"line":28,"column":67}},"5":{"start":{"line":28,"column":61},"end":{"line":28,"column":65}},"6":{"start":{"line":31,"column":13},"end":{"line":38,"column":2}},"7":{"start":{"line":32,"column":17},"end":{"line":35,"column":4}},"8":{"start":{"line":37,"column":2},"end":{"line":37,"column":65}},"9":{"start":{"line":37,"column":59},"end":{"line":37,"column":63}},"10":{"start":{"line":40,"column":13},"end":{"line":49,"column":2}},"11":{"start":{"line":41,"column":17},"end":{"line":46,"column":4}},"12":{"start":{"line":48,"column":2},"end":{"line":48,"column":47}},"13":{"start":{"line":51,"column":13},"end":{"line":61,"column":2}},"14":{"start":{"line":52,"column":17},"end":{"line":58,"column":4}},"15":{"start":{"line":60,"column":2},"end":{"line":60,"column":50}},"16":{"start":{"line":63,"column":13},"end":{"line":69,"column":2}},"17":{"start":{"line":64,"column":17},"end":{"line":66,"column":4}},"18":{"start":{"line":68,"column":2},"end":{"line":68,"column":47}},"19":{"start":{"line":71,"column":13},"end":{"line":80,"column":2}},"20":{"start":{"line":72,"column":17},"end":{"line":77,"column":4}},"21":{"start":{"line":79,"column":2},"end":{"line":79,"column":50}}},"fnMap":{"0":{"name":"(anonymous_0)","decl":{"start":{"line":5,"column":26},"end":{"line":5,"column":31}},"loc":{"start":{"line":5,"column":56},"end":{"line":29,"column":1}}},"1":{"name":"(anonymous_1)","decl":{"start":{"line":28,"column":55},"end":{"line":28,"column":58}},"loc":{"start":{"line":28,"column":61},"end":{"line":28,"column":65}}},"2":{"name":"(anonymous_2)","decl":{"start":{"line":31,"column":24},"end":{"line":31,"column":29}},"loc":{"start":{"line":31,"column":52},"end":{"line":38,"column":1}}},"3":{"name":"(anonymous_3)","decl":{"start":{"line":37,"column":53},"end":{"line":37,"column":56}},"loc":{"start":{"line":37,"column":59},"end":{"line":37,"column":63}}},"4":{"name":"(anonymous_4)","decl":{"start":{"line":40,"column":23},"end":{"line":40,"column":28}},"loc":{"start":{"line":40,"column":50},"end":{"line":49,"column":1}}},"5":{"name":"(anonymous_5)","decl":{"start":{"line":51,"column":26},"end":{"line":51,"column":31}},"loc":{"start":{"line":51,"column":53},"end":{"line":61,"column":1}}},"6":{"name":"(anonymous_6)","decl":{"start":{"line":63,"column":23},"end":{"line":63,"column":28}},"loc":{"start":{"line":63,"column":34},"end":{"line":69,"column":1}}},"7":{"name":"(anonymous_7)","decl":{"start":{"line":71,"column":26},"end":{"line":71,"column":31}},"loc":{"start":{"line":71,"column":53},"end":{"line":80,"column":1}}}},"branchMap":{},"s":{"0":2,"1":2,"2":2,"3":2,"4":2,"5":2,"6":2,"7":2,"8":2,"9":2,"10":2,"11":4,"12":4,"13":2,"14":0,"15":0,"16":2,"17":2,"18":2,"19":2,"20":2,"21":2},"f":{"0":2,"1":2,"2":2,"3":2,"4":4,"5":0,"6":2,"7":2},"b":{}}
,"/Users/veyselmac/Desktop/SERVERLESS/MYSENSE_CASE/utils/secretKeyManager.ts": {"path":"/Users/veyselmac/Desktop/SERVERLESS/MYSENSE_CASE/utils/secretKeyManager.ts","statementMap":{"0":{"start":{"line":1,"column":0},"end":{"line":1,"column":34}},"1":{"start":{"line":2,"column":12},"end":{"line":2,"column":30}},"2":{"start":{"line":4,"column":12},"end":{"line":4,"column":25}},"3":{"start":{"line":5,"column":13},"end":{"line":10,"column":13}},"4":{"start":{"line":12,"column":13},"end":{"line":21,"column":2}},"5":{"start":{"line":13,"column":2},"end":{"line":20,"column":5}},"6":{"start":{"line":14,"column":4},"end":{"line":18,"column":null}},"7":{"start":{"line":15,"column":6},"end":{"line":17,"column":null}},"8":{"start":{"line":16,"column":8},"end":{"line":16,"column":35}},"9":{"start":{"line":19,"column":4},"end":{"line":19,"column":16}}},"fnMap":{"0":{"name":"(anonymous_0)","decl":{"start":{"line":12,"column":22},"end":{"line":12,"column":25}},"loc":{"start":{"line":12,"column":27},"end":{"line":21,"column":1}}},"1":{"name":"(anonymous_1)","decl":{"start":{"line":13,"column":35},"end":{"line":13,"column":38}},"loc":{"start":{"line":13,"column":41},"end":{"line":20,"column":3}}}},"branchMap":{"0":{"loc":{"start":{"line":14,"column":4},"end":{"line":18,"column":null}},"type":"if","locations":[{"start":{"line":14,"column":4},"end":{"line":18,"column":null}},{"start":{"line":14,"column":4},"end":{"line":18,"column":null}}]},"1":{"loc":{"start":{"line":14,"column":8},"end":{"line":14,"column":20}},"type":"binary-expr","locations":[{"start":{"line":14,"column":8},"end":{"line":14,"column":20}},{"start":{"line":14,"column":24},"end":{"line":14,"column":41}}]},"2":{"loc":{"start":{"line":15,"column":6},"end":{"line":17,"column":null}},"type":"if","locations":[{"start":{"line":15,"column":6},"end":{"line":17,"column":null}},{"start":{"line":15,"column":6},"end":{"line":17,"column":null}}]},"3":{"loc":{"start":{"line":15,"column":10},"end":{"line":15,"column":32}},"type":"binary-expr","locations":[{"start":{"line":15,"column":10},"end":{"line":15,"column":32}},{"start":{"line":15,"column":36},"end":{"line":15,"column":63}}]}},"s":{"0":1,"1":1,"2":1,"3":1,"4":1,"5":2,"6":0,"7":0,"8":0,"9":0},"f":{"0":2,"1":0},"b":{"0":[0,0],"1":[0,0],"2":[0,0],"3":[0,0]}}
,"/Users/veyselmac/Desktop/SERVERLESS/MYSENSE_CASE/utils/slackNotification.ts": {"path":"/Users/veyselmac/Desktop/SERVERLESS/MYSENSE_CASE/utils/slackNotification.ts","statementMap":{"0":{"start":{"line":3,"column":11},"end":{"line":3,"column":27}},"1":{"start":{"line":5,"column":13},"end":{"line":38,"column":2}},"2":{"start":{"line":6,"column":18},"end":{"line":6,"column":45}},"3":{"start":{"line":8,"column":16},"end":{"line":19,"column":4}},"4":{"start":{"line":21,"column":16},"end":{"line":30,"column":4}},"5":{"start":{"line":32,"column":12},"end":{"line":34,"column":4}},"6":{"start":{"line":33,"column":4},"end":{"line":33,"column":28}},"7":{"start":{"line":36,"column":2},"end":{"line":36,"column":21}},"8":{"start":{"line":37,"column":2},"end":{"line":37,"column":12}}},"fnMap":{"0":{"name":"(anonymous_0)","decl":{"start":{"line":5,"column":27},"end":{"line":5,"column":32}},"loc":{"start":{"line":5,"column":38},"end":{"line":38,"column":1}}},"1":{"name":"(anonymous_1)","decl":{"start":{"line":32,"column":34},"end":{"line":32,"column":43}},"loc":{"start":{"line":32,"column":46},"end":{"line":34,"column":3}}}},"branchMap":{},"s":{"0":1,"1":1,"2":1,"3":1,"4":1,"5":1,"6":0,"7":1,"8":1},"f":{"0":1,"1":0},"b":{}}
,"/Users/veyselmac/Desktop/SERVERLESS/MYSENSE_CASE/utils/snsPublisher.ts": {"path":"/Users/veyselmac/Desktop/SERVERLESS/MYSENSE_CASE/utils/snsPublisher.ts","statementMap":{"0":{"start":{"line":1,"column":12},"end":{"line":1,"column":30}},"1":{"start":{"line":2,"column":13},"end":{"line":2,"column":33}},"2":{"start":{"line":3,"column":18},"end":{"line":3,"column":43}},"3":{"start":{"line":5,"column":13},"end":{"line":20,"column":2}},"4":{"start":{"line":6,"column":2},"end":{"line":19,"column":4}},"5":{"start":{"line":12,"column":6},"end":{"line":15,"column":null}},"6":{"start":{"line":13,"column":8},"end":{"line":13,"column":25}},"7":{"start":{"line":14,"column":8},"end":{"line":14,"column":15}},"8":{"start":{"line":16,"column":6},"end":{"line":16,"column":49}},"9":{"start":{"line":17,"column":6},"end":{"line":17,"column":24}}},"fnMap":{"0":{"name":"(anonymous_0)","decl":{"start":{"line":5,"column":23},"end":{"line":5,"column":28}},"loc":{"start":{"line":5,"column":39},"end":{"line":20,"column":1}}},"1":{"name":"(anonymous_1)","decl":{"start":{"line":11,"column":4},"end":{"line":11,"column":5}},"loc":{"start":{"line":11,"column":18},"end":{"line":18,"column":5}}}},"branchMap":{"0":{"loc":{"start":{"line":12,"column":6},"end":{"line":15,"column":null}},"type":"if","locations":[{"start":{"line":12,"column":6},"end":{"line":15,"column":null}},{"start":{"line":12,"column":6},"end":{"line":15,"column":null}}]}},"s":{"0":2,"1":2,"2":2,"3":2,"4":2,"5":0,"6":0,"7":0,"8":0,"9":0},"f":{"0":2,"1":0},"b":{"0":[0,0]}}
,"/Users/veyselmac/Desktop/SERVERLESS/MYSENSE_CASE/utils/util.ts": {"path":"/Users/veyselmac/Desktop/SERVERLESS/MYSENSE_CASE/utils/util.ts","statementMap":{"0":{"start":{"line":1,"column":13},"end":{"line":1,"column":28}},"1":{"start":{"line":4,"column":13},"end":{"line":12,"column":2}},"2":{"start":{"line":5,"column":2},"end":{"line":11,"column":4}},"3":{"start":{"line":14,"column":13},"end":{"line":26,"column":2}},"4":{"start":{"line":15,"column":2},"end":{"line":17,"column":null}},"5":{"start":{"line":16,"column":4},"end":{"line":16,"column":14}},"6":{"start":{"line":19,"column":2},"end":{"line":25,"column":4}}},"fnMap":{"0":{"name":"(anonymous_0)","decl":{"start":{"line":4,"column":30},"end":{"line":4,"column":31}},"loc":{"start":{"line":4,"column":55},"end":{"line":12,"column":1}}},"1":{"name":"(anonymous_1)","decl":{"start":{"line":14,"column":34},"end":{"line":14,"column":35}},"loc":{"start":{"line":14,"column":60},"end":{"line":26,"column":1}}}},"branchMap":{"0":{"loc":{"start":{"line":15,"column":2},"end":{"line":17,"column":null}},"type":"if","locations":[{"start":{"line":15,"column":2},"end":{"line":17,"column":null}},{"start":{"line":15,"column":2},"end":{"line":17,"column":null}}]}},"s":{"0":2,"1":2,"2":2,"3":2,"4":13,"5":1,"6":12},"f":{"0":2,"1":13},"b":{"0":[1,12]}}
,"/Users/veyselmac/Desktop/SERVERLESS/MYSENSE_CASE/utils/_mocks_/dynamodbManager.ts": {"path":"/Users/veyselmac/Desktop/SERVERLESS/MYSENSE_CASE/utils/_mocks_/dynamodbManager.ts","statementMap":{"0":{"start":{"line":8,"column":13},"end":{"line":10,"column":2}},"1":{"start":{"line":9,"column":2},"end":{"line":9,"column":31}},"2":{"start":{"line":12,"column":13},"end":{"line":14,"column":2}},"3":{"start":{"line":13,"column":2},"end":{"line":13,"column":31}},"4":{"start":{"line":16,"column":13},"end":{"line":28,"column":2}},"5":{"start":{"line":17,"column":15},"end":{"line":23,"column":4}},"6":{"start":{"line":25,"column":34},"end":{"line":25,"column":48}},"7":{"start":{"line":27,"column":2},"end":{"line":27,"column":36}},"8":{"start":{"line":30,"column":13},"end":{"line":42,"column":2}},"9":{"start":{"line":31,"column":15},"end":{"line":37,"column":4}},"10":{"start":{"line":39,"column":34},"end":{"line":39,"column":48}},"11":{"start":{"line":41,"column":2},"end":{"line":41,"column":36}},"12":{"start":{"line":44,"column":13},"end":{"line":58,"column":2}},"13":{"start":{"line":45,"column":15},"end":{"line":51,"column":4}},"14":{"start":{"line":53,"column":36},"end":{"line":55,"column":4}},"15":{"start":{"line":57,"column":2},"end":{"line":57,"column":38}},"16":{"start":{"line":60,"column":13},"end":{"line":62,"column":2}},"17":{"start":{"line":61,"column":2},"end":{"line":61,"column":35}}},"fnMap":{"0":{"name":"(anonymous_0)","decl":{"start":{"line":8,"column":26},"end":{"line":8,"column":31}},"loc":{"start":{"line":8,"column":56},"end":{"line":10,"column":1}}},"1":{"name":"(anonymous_1)","decl":{"start":{"line":12,"column":24},"end":{"line":12,"column":29}},"loc":{"start":{"line":12,"column":52},"end":{"line":14,"column":1}}},"2":{"name":"(anonymous_2)","decl":{"start":{"line":16,"column":23},"end":{"line":16,"column":28}},"loc":{"start":{"line":16,"column":50},"end":{"line":28,"column":1}}},"3":{"name":"(anonymous_3)","decl":{"start":{"line":30,"column":26},"end":{"line":30,"column":31}},"loc":{"start":{"line":30,"column":53},"end":{"line":42,"column":1}}},"4":{"name":"(anonymous_4)","decl":{"start":{"line":44,"column":23},"end":{"line":44,"column":28}},"loc":{"start":{"line":44,"column":34},"end":{"line":58,"column":1}}},"5":{"name":"(anonymous_5)","decl":{"start":{"line":60,"column":26},"end":{"line":60,"column":31}},"loc":{"start":{"line":60,"column":53},"end":{"line":62,"column":1}}}},"branchMap":{},"s":{"0":0,"1":0,"2":0,"3":0,"4":0,"5":0,"6":0,"7":0,"8":0,"9":0,"10":0,"11":0,"12":0,"13":0,"14":0,"15":0,"16":0,"17":0},"f":{"0":0,"1":0,"2":0,"3":0,"4":0,"5":0},"b":{}}
}
