TN:
SF:handler.ts
FN:12,(anonymous_0)
FNF:1
FNH:0
FNDA:0,(anonymous_0)
DA:1,0
DA:2,0
DA:3,0
DA:4,0
DA:5,0
DA:6,0
DA:7,0
DA:10,0
DA:11,0
DA:12,0
DA:13,0
DA:14,0
DA:16,0
LF:13
LH:0
BRF:0
BRH:0
end_of_record
TN:
SF:functions/sensorCreate.ts
FN:7,(anonymous_0)
FNF:1
FNH:1
FNDA:1,(anonymous_0)
DA:3,1
DA:4,1
DA:5,1
DA:7,1
DA:8,1
DA:14,1
DA:15,1
DA:17,0
DA:18,0
DA:25,1
DA:31,0
DA:32,0
DA:39,1
DA:41,1
DA:42,1
DA:44,0
DA:45,0
DA:46,0
DA:53,1
LF:19
LH:12
BRDA:25,0,0,0
BRDA:25,0,1,1
BRDA:26,1,0,1
BRDA:26,1,1,1
BRDA:26,1,2,1
BRDA:26,1,3,1
BRF:6
BRH:5
end_of_record
TN:
SF:functions/sensorDelete.ts
FN:8,(anonymous_0)
FNF:1
FNH:1
FNDA:1,(anonymous_0)
DA:2,1
DA:3,1
DA:4,1
DA:5,1
DA:8,1
DA:9,1
DA:13,0
DA:14,0
DA:21,1
DA:22,1
DA:23,1
DA:25,1
DA:30,0
DA:37,1
DA:38,1
DA:41,1
DA:42,1
DA:44,0
DA:45,0
DA:46,0
DA:53,1
LF:21
LH:15
BRDA:9,0,0,0
BRDA:9,0,1,1
BRDA:10,1,0,1
BRDA:10,1,1,1
BRDA:25,2,0,0
BRDA:25,2,1,1
BRDA:26,3,0,1
BRDA:26,3,1,1
BRDA:26,3,2,1
BRF:9
BRH:7
end_of_record
TN:
SF:functions/sensorGet.ts
FN:7,(anonymous_0)
FNF:1
FNH:1
FNDA:1,(anonymous_0)
DA:2,1
DA:3,1
DA:5,1
DA:7,1
DA:8,1
DA:10,1
DA:14,0
DA:15,0
DA:22,1
DA:23,1
DA:25,0
DA:26,0
DA:27,0
DA:34,1
DA:39,1
DA:46,0
LF:16
LH:10
BRDA:10,0,0,0
BRDA:10,0,1,1
BRDA:11,1,0,1
BRDA:11,1,1,1
BRDA:34,2,0,1
BRDA:34,2,1,0
BRDA:35,3,0,1
BRDA:35,3,1,1
BRDA:35,3,2,1
BRF:9
BRH:7
end_of_record
TN:
SF:functions/sensorList.ts
FN:7,(anonymous_0)
FN:38,(anonymous_1)
FNF:2
FNH:2
FNDA:1,(anonymous_0)
FNDA:11,(anonymous_1)
DA:3,1
DA:4,1
DA:5,1
DA:7,1
DA:8,1
DA:10,1
DA:11,1
DA:13,0
DA:14,0
DA:15,0
DA:22,1
DA:27,0
DA:34,1
DA:39,11
LF:14
LH:10
BRDA:22,0,0,0
BRDA:22,0,1,1
BRDA:23,1,0,1
BRDA:23,1,1,1
BRDA:23,1,2,1
BRF:5
BRH:4
end_of_record
TN:
SF:functions/sensorTopicConsumer.ts
FN:3,(anonymous_0)
FNF:1
FNH:0
FNDA:0,(anonymous_0)
DA:3,0
DA:4,0
DA:5,0
DA:6,0
DA:8,0
DA:10,0
LF:6
LH:0
BRF:0
BRH:0
end_of_record
TN:
SF:functions/sensorUpdate.ts
FN:6,(anonymous_0)
FNF:1
FNH:1
FNDA:1,(anonymous_0)
DA:3,1
DA:4,1
DA:6,1
DA:7,1
DA:14,1
DA:18,0
DA:19,0
DA:26,1
DA:27,1
DA:29,0
DA:30,0
DA:37,1
DA:43,0
DA:44,0
DA:51,1
DA:56,1
DA:57,1
DA:59,0
DA:60,0
DA:61,0
DA:68,1
LF:21
LH:12
BRDA:14,0,0,0
BRDA:14,0,1,1
BRDA:15,1,0,1
BRDA:15,1,1,1
BRDA:37,2,0,0
BRDA:37,2,1,1
BRDA:38,3,0,1
BRDA:38,3,1,1
BRDA:38,3,2,1
BRDA:38,3,3,1
BRF:10
BRH:8
end_of_record
TN:
SF:integration-tests/utils/dbCall.ts
FN:7,(anonymous_0)
FNF:1
FNH:1
FNDA:2,(anonymous_0)
DA:3,2
DA:4,2
DA:5,2
DA:7,2
DA:8,2
DA:15,2
LF:6
LH:6
BRF:0
BRH:0
end_of_record
TN:
SF:integration-tests/utils/funcCall.ts
FN:7,(anonymous_0)
FN:13,(anonymous_1)
FN:20,(anonymous_2)
FN:29,(anonymous_3)
FN:34,(anonymous_4)
FN:44,(anonymous_5)
FNF:6
FNH:6
FNDA:5,(anonymous_0)
FNDA:1,(anonymous_1)
FNDA:1,(anonymous_2)
FNDA:1,(anonymous_3)
FNDA:1,(anonymous_4)
FNDA:1,(anonymous_5)
DA:5,1
DA:7,1
DA:8,5
DA:9,5
DA:10,5
DA:13,1
DA:14,1
DA:17,1
DA:20,1
DA:21,1
DA:26,1
DA:29,1
DA:30,1
DA:31,1
DA:34,1
DA:35,1
DA:41,1
DA:44,1
DA:45,1
DA:50,1
LF:20
LH:20
BRF:0
BRH:0
end_of_record
TN:
SF:integration-tests/utils/init.ts
FN:6,init
FNF:1
FNH:1
FNDA:3,init
DA:3,2
DA:4,2
DA:6,2
DA:7,3
DA:9,3
DA:11,3
LF:6
LH:6
BRF:0
BRH:0
end_of_record
TN:
SF:utils/config.ts
FNF:0
FNH:0
DA:1,3
DA:3,3
DA:12,3
DA:15,3
LF:4
LH:4
BRDA:12,0,0,3
BRDA:12,0,1,3
BRF:2
BRH:2
end_of_record
TN:
SF:utils/dynamodbManager.ts
FN:4,(anonymous_0)
FN:8,(anonymous_1)
FN:13,(anonymous_2)
FN:17,(anonymous_3)
FN:22,(anonymous_4)
FN:26,(anonymous_5)
FN:31,(anonymous_6)
FN:35,(anonymous_7)
FN:40,(anonymous_8)
FN:44,(anonymous_9)
FN:49,(anonymous_10)
FN:53,(anonymous_11)
FNF:12
FNH:5
FNDA:1,(anonymous_0)
FNDA:0,(anonymous_1)
FNDA:1,(anonymous_2)
FNDA:0,(anonymous_3)
FNDA:2,(anonymous_4)
FNDA:0,(anonymous_5)
FNDA:0,(anonymous_6)
FNDA:0,(anonymous_7)
FNDA:1,(anonymous_8)
FNDA:0,(anonymous_9)
FNDA:1,(anonymous_10)
FNDA:0,(anonymous_11)
DA:1,2
DA:2,2
DA:4,2
DA:5,1
DA:9,0
DA:13,2
DA:14,1
DA:18,0
DA:22,2
DA:23,2
DA:27,0
DA:31,2
DA:32,0
DA:36,0
DA:40,2
DA:41,1
DA:45,0
DA:49,2
DA:50,1
DA:54,0
LF:20
LH:13
BRF:0
BRH:0
end_of_record
TN:
SF:utils/dynamodbPort.ts
FN:5,(anonymous_0)
FN:28,(anonymous_1)
FN:31,(anonymous_2)
FN:37,(anonymous_3)
FN:40,(anonymous_4)
FN:51,(anonymous_5)
FN:63,(anonymous_6)
FN:71,(anonymous_7)
FNF:8
FNH:7
FNDA:2,(anonymous_0)
FNDA:2,(anonymous_1)
FNDA:2,(anonymous_2)
FNDA:2,(anonymous_3)
FNDA:4,(anonymous_4)
FNDA:0,(anonymous_5)
FNDA:2,(anonymous_6)
FNDA:2,(anonymous_7)
DA:2,2
DA:3,2
DA:5,2
DA:6,2
DA:28,2
DA:31,2
DA:32,2
DA:37,2
DA:40,2
DA:41,4
DA:48,4
DA:51,2
DA:52,0
DA:60,0
DA:63,2
DA:64,2
DA:68,2
DA:71,2
DA:72,2
DA:79,2
LF:20
LH:18
BRF:0
BRH:0
end_of_record
TN:
SF:utils/secretKeyManager.ts
FN:12,(anonymous_0)
FN:13,(anonymous_1)
FNF:2
FNH:1
FNDA:2,(anonymous_0)
FNDA:0,(anonymous_1)
DA:1,1
DA:2,1
DA:4,1
DA:5,1
DA:12,1
DA:13,2
DA:14,0
DA:15,0
DA:16,0
DA:19,0
LF:10
LH:6
BRDA:14,0,0,0
BRDA:14,0,1,0
BRDA:14,1,0,0
BRDA:14,1,1,0
BRDA:15,2,0,0
BRDA:15,2,1,0
BRDA:15,3,0,0
BRDA:15,3,1,0
BRF:8
BRH:0
end_of_record
TN:
SF:utils/slackNotification.ts
FN:5,(anonymous_0)
FN:32,(anonymous_1)
FNF:2
FNH:1
FNDA:1,(anonymous_0)
FNDA:0,(anonymous_1)
DA:3,1
DA:5,1
DA:6,1
DA:8,1
DA:21,1
DA:32,1
DA:33,0
DA:36,1
DA:37,1
LF:9
LH:8
BRF:0
BRH:0
end_of_record
TN:
SF:utils/snsPublisher.ts
FN:5,(anonymous_0)
FN:11,(anonymous_1)
FNF:2
FNH:1
FNDA:2,(anonymous_0)
FNDA:0,(anonymous_1)
DA:1,2
DA:2,2
DA:3,2
DA:5,2
DA:6,2
DA:12,0
DA:13,0
DA:14,0
DA:16,0
DA:17,0
LF:10
LH:5
BRDA:12,0,0,0
BRDA:12,0,1,0
BRF:2
BRH:0
end_of_record
TN:
SF:utils/util.ts
FN:4,(anonymous_0)
FN:14,(anonymous_1)
FNF:2
FNH:2
FNDA:2,(anonymous_0)
FNDA:13,(anonymous_1)
DA:1,2
DA:4,2
DA:5,2
DA:14,2
DA:15,13
DA:16,1
DA:19,12
LF:7
LH:7
BRDA:15,0,0,1
BRDA:15,0,1,12
BRF:2
BRH:2
end_of_record
TN:
SF:utils/_mocks_/dynamodbManager.ts
FN:8,(anonymous_0)
FN:12,(anonymous_1)
FN:16,(anonymous_2)
FN:30,(anonymous_3)
FN:44,(anonymous_4)
FN:60,(anonymous_5)
FNF:6
FNH:0
FNDA:0,(anonymous_0)
FNDA:0,(anonymous_1)
FNDA:0,(anonymous_2)
FNDA:0,(anonymous_3)
FNDA:0,(anonymous_4)
FNDA:0,(anonymous_5)
DA:8,0
DA:9,0
DA:12,0
DA:13,0
DA:16,0
DA:17,0
DA:25,0
DA:27,0
DA:30,0
DA:31,0
DA:39,0
DA:41,0
DA:44,0
DA:45,0
DA:53,0
DA:57,0
DA:60,0
DA:61,0
LF:18
LH:0
BRF:0
BRH:0
end_of_record
